0 info it worked if it ends with ok
1 verbose cli [ 'c:\\Program Files\\nodejs\\node.exe',
1 verbose cli   'c:\\Program Files\\nodejs\\node_modules\\npm\\bin\\npm-cli.js',
1 verbose cli   'start' ]
2 info using npm@3.10.8
3 info using node@v6.9.1
4 verbose run-script [ 'prestart', 'start', 'poststart' ]
5 info lifecycle app@1.0.0~prestart: app@1.0.0
6 silly lifecycle app@1.0.0~prestart: no script for prestart, continuing
7 info lifecycle app@1.0.0~start: app@1.0.0
8 verbose lifecycle app@1.0.0~start: unsafe-perm in lifecycle true
9 verbose lifecycle app@1.0.0~start: PATH: c:\Program Files\nodejs\node_modules\npm\bin\node-gyp-bin;e:\Redux and Immutable with React\react-webpackdemo\node_modules\.bin;c:\Users\sys\bin;.;C:\Program Files\Git\local\bin;C:\Program Files\Git\mingw\bin;C:\Program Files\Git\bin;C:\Program Files\Git\bin;c:\ProgramData\Oracle\Java\javapath;c:\Windows\system32;c:\Windows;c:\Windows\System32\Wbem;c:\Windows\System32\WindowsPowerShell\v1.0\;c:\Program Files\nodejs\;c:\Program Files\Windows Kits\8.1\Windows Performance Toolkit\;c:\Program Files\Microsoft SQL Server\110\Tools\Binn\;c:\Program Files\Microsoft SDKs\TypeScript\1.0\;c:\Program Files\Microsoft SQL Server\120\Tools\Binn\;c:\JMeter\bin;c:\bin;c:\program files\skype\Phone\;c:\Program Files\Brackets\command;c:\Users\sys\AppData\Roaming\npm;c:\Program Files\Microsoft VS Code\bin
10 verbose lifecycle app@1.0.0~start: CWD: e:\Redux and Immutable with React\react-webpackdemo
11 silly lifecycle app@1.0.0~start: Args: [ '/d /s /c', 'webpack-dev-server --hot' ]
12 silly lifecycle app@1.0.0~start: Returned: code: 3221225786  signal: null
13 info lifecycle app@1.0.0~start: Failed to exec start script
14 verbose stack Error: app@1.0.0 start: `webpack-dev-server --hot`
14 verbose stack Exit status 3221225786
14 verbose stack     at EventEmitter.<anonymous> (c:\Program Files\nodejs\node_modules\npm\lib\utils\lifecycle.js:255:16)
14 verbose stack     at emitTwo (events.js:106:13)
14 verbose stack     at EventEmitter.emit (events.js:191:7)
14 verbose stack     at ChildProcess.<anonymous> (c:\Program Files\nodejs\node_modules\npm\lib\utils\spawn.js:40:14)
14 verbose stack     at emitTwo (events.js:106:13)
14 verbose stack     at ChildProcess.emit (events.js:191:7)
14 verbose stack     at maybeClose (internal/child_process.js:877:16)
14 verbose stack     at Process.ChildProcess._handle.onexit (internal/child_process.js:226:5)
15 verbose pkgid app@1.0.0
16 verbose cwd e:\Redux and Immutable with React\react-webpackdemo
17 error Windows_NT 6.2.9200
18 error argv "c:\\Program Files\\nodejs\\node.exe" "c:\\Program Files\\nodejs\\node_modules\\npm\\bin\\npm-cli.js" "start"
19 error node v6.9.1
20 error npm  v3.10.8
21 error code ELIFECYCLE
22 error app@1.0.0 start: `webpack-dev-server --hot`
22 error Exit status 3221225786
23 error Failed at the app@1.0.0 start script 'webpack-dev-server --hot'.
23 error Make sure you have the latest version of node.js and npm installed.
23 error If you do, this is most likely a problem with the app package,
23 error not with npm itself.
23 error Tell the author that this fails on your system:
23 error     webpack-dev-server --hot
23 error You can get information on how to open an issue for this project with:
23 error     npm bugs app
23 error Or if that isn't available, you can get their info via:
23 error     npm owner ls app
23 error There is likely additional logging output above.
24 verbose exit [ 1, true ]
